# JRE version: Java(TM) SE Runtime Environment (8.0_241-b07) (build 1.8.0_241-b07)
# Java VM: Java HotSpot(TM) 64-Bit Server VM (25.241-b07 mixed mode windows-amd64 compressed oops)
Heap:
 PSYoungGen      total 190976K, used 163123K [0x00000000d5b80000, 0x00000000e2e00000, 0x0000000100000000)
  eden space 169472K, 86% used [0x00000000d5b80000,0x00000000dea50780,0x00000000e0100000)
  from space 21504K, 78% used [0x00000000e1900000,0x00000000e297c4b8,0x00000000e2e00000)
  to   space 23040K, 0% used [0x00000000e0100000,0x00000000e0100000,0x00000000e1780000)
 ParOldGen       total 61952K, used 35313K [0x0000000081200000, 0x0000000084e80000, 0x00000000d5b80000)
  object space 61952K, 57% used [0x0000000081200000,0x000000008347c480,0x0000000084e80000)
 Metaspace       used 36204K, capacity 38044K, committed 38144K, reserved 1081344K
  class space    used 4962K, capacity 5326K, committed 5376K, reserved 1048576K
GC Heap History (10 events):
Event: 4.320 GC heap before
{Heap before GC invocations=8 (full 1):
 PSYoungGen      total 138240K, used 138222K [0x00000000d5b80000, 0x00000000de780000, 0x0000000100000000)
  eden space 133120K, 100% used [0x00000000d5b80000,0x00000000ddd80000,0x00000000ddd80000)
  from space 5120K, 99% used [0x00000000de280000,0x00000000de77b8e8,0x00000000de780000)
  to   space 5120K, 0% used [0x00000000ddd80000,0x00000000ddd80000,0x00000000de280000)
 ParOldGen       total 61952K, used 21962K [0x0000000081200000, 0x0000000084e80000, 0x00000000d5b80000)
  object space 61952K, 35% used [0x0000000081200000,0x00000000827729d8,0x0000000084e80000)
 Metaspace       used 24345K, capacity 25222K, committed 25344K, reserved 1071104K
  class space    used 3277K, capacity 3496K, committed 3584K, reserved 1048576K
Event: 4.337 GC heap after
Heap after GC invocations=8 (full 1):
 PSYoungGen      total 138240K, used 5106K [0x00000000d5b80000, 0x00000000de780000, 0x0000000100000000)
  eden space 133120K, 0% used [0x00000000d5b80000,0x00000000d5b80000,0x00000000ddd80000)
  from space 5120K, 99% used [0x00000000ddd80000,0x00000000de27cab0,0x00000000de280000)
  to   space 5120K, 0% used [0x00000000de280000,0x00000000de280000,0x00000000de780000)
 ParOldGen       total 61952K, used 37727K [0x0000000081200000, 0x0000000084e80000, 0x00000000d5b80000)
  object space 61952K, 60% used [0x0000000081200000,0x00000000836d7c70,0x0000000084e80000)
 Metaspace       used 24345K, capacity 25222K, committed 25344K, reserved 1071104K
  class space    used 3277K, capacity 3496K, committed 3584K, reserved 1048576K
}
Event: 5.074 GC heap before
{Heap before GC invocations=9 (full 1):
 PSYoungGen      total 138240K, used 138226K [0x00000000d5b80000, 0x00000000de780000, 0x0000000100000000)
  eden space 133120K, 100% used [0x00000000d5b80000,0x00000000ddd80000,0x00000000ddd80000)
  from space 5120K, 99% used [0x00000000ddd80000,0x00000000de27cab0,0x00000000de280000)
  to   space 5120K, 0% used [0x00000000de280000,0x00000000de280000,0x00000000de780000)
 ParOldGen       total 61952K, used 37727K [0x0000000081200000, 0x0000000084e80000, 0x00000000d5b80000)
  object space 61952K, 60% used [0x0000000081200000,0x00000000836d7c70,0x0000000084e80000)
 Metaspace       used 24352K, capacity 25228K, committed 25344K, reserved 1071104K
  class space    used 3280K, capacity 3497K, committed 3584K, reserved 1048576K
Event: 5.091 GC heap after
Heap after GC invocations=9 (full 1):
 PSYoungGen      total 138240K, used 5118K [0x00000000d5b80000, 0x00000000de780000, 0x0000000100000000)
  eden space 133120K, 0% used [0x00000000d5b80000,0x00000000d5b80000,0x00000000ddd80000)
  from space 5120K, 99% used [0x00000000de280000,0x00000000de77f8e8,0x00000000de780000)
  to   space 5120K, 0% used [0x00000000ddd80000,0x00000000ddd80000,0x00000000de280000)
 ParOldGen       total 61952K, used 52503K [0x0000000081200000, 0x0000000084e80000, 0x00000000d5b80000)
  object space 61952K, 84% used [0x0000000081200000,0x0000000084545d58,0x0000000084e80000)
 Metaspace       used 24352K, capacity 25228K, committed 25344K, reserved 1071104K
  class space    used 3280K, capacity 3497K, committed 3584K, reserved 1048576K
}
Event: 5.091 GC heap before
{Heap before GC invocations=10 (full 2):
 PSYoungGen      total 138240K, used 5118K [0x00000000d5b80000, 0x00000000de780000, 0x0000000100000000)
  eden space 133120K, 0% used [0x00000000d5b80000,0x00000000d5b80000,0x00000000ddd80000)
  from space 5120K, 99% used [0x00000000de280000,0x00000000de77f8e8,0x00000000de780000)
  to   space 5120K, 0% used [0x00000000ddd80000,0x00000000ddd80000,0x00000000de280000)
 ParOldGen       total 61952K, used 52503K [0x0000000081200000, 0x0000000084e80000, 0x00000000d5b80000)
  object space 61952K, 84% used [0x0000000081200000,0x0000000084545d58,0x0000000084e80000)
 Metaspace       used 24352K, capacity 25228K, committed 25344K, reserved 1071104K
  class space    used 3280K, capacity 3497K, committed 3584K, reserved 1048576K
Event: 5.147 GC heap after
Heap after GC invocations=10 (full 2):
 PSYoungGen      total 138240K, used 0K [0x00000000d5b80000, 0x00000000de780000, 0x0000000100000000)
  eden space 133120K, 0% used [0x00000000d5b80000,0x00000000d5b80000,0x00000000ddd80000)
  from space 5120K, 0% used [0x00000000de280000,0x00000000de280000,0x00000000de780000)
  to   space 5120K, 0% used [0x00000000ddd80000,0x00000000ddd80000,0x00000000de280000)
 ParOldGen       total 61952K, used 30705K [0x0000000081200000, 0x0000000084e80000, 0x00000000d5b80000)
  object space 61952K, 49% used [0x0000000081200000,0x0000000082ffc590,0x0000000084e80000)
 Metaspace       used 24352K, capacity 25228K, committed 25344K, reserved 1071104K
  class space    used 3280K, capacity 3497K, committed 3584K, reserved 1048576K
}
Event: 5.748 GC heap before
{Heap before GC invocations=11 (full 2):
 PSYoungGen      total 138240K, used 133120K [0x00000000d5b80000, 0x00000000de780000, 0x0000000100000000)
  eden space 133120K, 100% used [0x00000000d5b80000,0x00000000ddd80000,0x00000000ddd80000)
  from space 5120K, 0% used [0x00000000de280000,0x00000000de280000,0x00000000de780000)
  to   space 5120K, 0% used [0x00000000ddd80000,0x00000000ddd80000,0x00000000de280000)
 ParOldGen       total 61952K, used 30705K [0x0000000081200000, 0x0000000084e80000, 0x00000000d5b80000)
  object space 61952K, 49% used [0x0000000081200000,0x0000000082ffc590,0x0000000084e80000)
 Metaspace       used 25764K, capacity 26796K, committed 26880K, reserved 1073152K
  class space    used 3498K, capacity 3758K, committed 3840K, reserved 1048576K
Event: 5.755 GC heap after
Heap after GC invocations=11 (full 2):
 PSYoungGen      total 138240K, used 5089K [0x00000000d5b80000, 0x00000000e2e80000, 0x0000000100000000)
  eden space 133120K, 0% used [0x00000000d5b80000,0x00000000d5b80000,0x00000000ddd80000)
  from space 5120K, 99% used [0x00000000ddd80000,0x00000000de278578,0x00000000de280000)
  to   space 22016K, 0% used [0x00000000e1900000,0x00000000e1900000,0x00000000e2e80000)
 ParOldGen       total 61952K, used 35305K [0x0000000081200000, 0x0000000084e80000, 0x00000000d5b80000)
  object space 61952K, 56% used [0x0000000081200000,0x000000008347a480,0x0000000084e80000)
 Metaspace       used 25764K, capacity 26796K, committed 26880K, reserved 1073152K
  class space    used 3498K, capacity 3758K, committed 3840K, reserved 1048576K
}
Event: 6.538 GC heap before
{Heap before GC invocations=12 (full 2):
 PSYoungGen      total 138240K, used 138209K [0x00000000d5b80000, 0x00000000e2e80000, 0x0000000100000000)
  eden space 133120K, 100% used [0x00000000d5b80000,0x00000000ddd80000,0x00000000ddd80000)
  from space 5120K, 99% used [0x00000000ddd80000,0x00000000de278578,0x00000000de280000)
  to   space 22016K, 0% used [0x00000000e1900000,0x00000000e1900000,0x00000000e2e80000)
 ParOldGen       total 61952K, used 35305K [0x0000000081200000, 0x0000000084e80000, 0x00000000d5b80000)
  object space 61952K, 56% used [0x0000000081200000,0x000000008347a480,0x0000000084e80000)
 Metaspace       used 32421K, capacity 33868K, committed 33920K, reserved 1079296K
  class space    used 4425K, capacity 4733K, committed 4736K, reserved 1048576K
Event: 6.549 GC heap after
Heap after GC invocations=12 (full 2):
 PSYoungGen      total 190976K, used 16881K [0x00000000d5b80000, 0x00000000e2e00000, 0x0000000100000000)
  eden space 169472K, 0% used [0x00000000d5b80000,0x00000000d5b80000,0x00000000e0100000)
  from space 21504K, 78% used [0x00000000e1900000,0x00000000e297c4b8,0x00000000e2e00000)
  to   space 23040K, 0% used [0x00000000e0100000,0x00000000e0100000,0x00000000e1780000)
 ParOldGen       total 61952K, used 35313K [0x0000000081200000, 0x0000000084e80000, 0x00000000d5b80000)
  object space 61952K, 57% used [0x0000000081200000,0x000000008347c480,0x0000000084e80000)
 Metaspace       used 32421K, capacity 33868K, committed 33920K, reserved 1079296K
  class space    used 4425K, capacity 4733K, committed 4736K, reserved 1048576K
}

