# JRE version: Java(TM) SE Runtime Environment (8.0_241-b07) (build 1.8.0_241-b07)
# Java VM: Java HotSpot(TM) 64-Bit Server VM (25.241-b07 mixed mode windows-amd64 compressed oops)
Heap:
 PSYoungGen      total 113152K, used 24649K [0x00000000d5b80000, 0x00000000dec80000, 0x0000000100000000)
  eden space 107008K, 17% used [0x00000000d5b80000,0x00000000d6d9c0a0,0x00000000dc400000)
  from space 6144K, 99% used [0x00000000de680000,0x00000000dec766e8,0x00000000dec80000)
  to   space 9216K, 0% used [0x00000000dda80000,0x00000000dda80000,0x00000000de380000)
 ParOldGen       total 56320K, used 7186K [0x0000000081200000, 0x0000000084900000, 0x00000000d5b80000)
  object space 56320K, 12% used [0x0000000081200000,0x0000000081904948,0x0000000084900000)
 Metaspace       used 27116K, capacity 28046K, committed 28160K, reserved 1073152K
  class space    used 3526K, capacity 3746K, committed 3840K, reserved 1048576K
GC Heap History (10 events):
Event: 1.206 GC heap before
{Heap before GC invocations=3 (full 0):
 PSYoungGen      total 38400K, used 38382K [0x00000000d5b80000, 0x00000000da680000, 0x0000000100000000)
  eden space 33280K, 100% used [0x00000000d5b80000,0x00000000d7c00000,0x00000000d7c00000)
  from space 5120K, 99% used [0x00000000d8100000,0x00000000d85fbab0,0x00000000d8600000)
  to   space 5120K, 0% used [0x00000000d7c00000,0x00000000d7c00000,0x00000000d8100000)
 ParOldGen       total 87552K, used 2528K [0x0000000081200000, 0x0000000086780000, 0x00000000d5b80000)
  object space 87552K, 2% used [0x0000000081200000,0x0000000081478148,0x0000000086780000)
 Metaspace       used 13477K, capacity 13832K, committed 13952K, reserved 1060864K
  class space    used 1710K, capacity 1807K, committed 1920K, reserved 1048576K
Event: 1.236 GC heap after
Heap after GC invocations=3 (full 0):
 PSYoungGen      total 38400K, used 5118K [0x00000000d5b80000, 0x00000000da680000, 0x0000000100000000)
  eden space 33280K, 0% used [0x00000000d5b80000,0x00000000d5b80000,0x00000000d7c00000)
  from space 5120K, 99% used [0x00000000d7c00000,0x00000000d80ff9c8,0x00000000d8100000)
  to   space 5120K, 0% used [0x00000000da180000,0x00000000da180000,0x00000000da680000)
 ParOldGen       total 87552K, used 4647K [0x0000000081200000, 0x0000000086780000, 0x00000000d5b80000)
  object space 87552K, 5% used [0x0000000081200000,0x0000000081689ed8,0x0000000086780000)
 Metaspace       used 13477K, capacity 13832K, committed 13952K, reserved 1060864K
  class space    used 1710K, capacity 1807K, committed 1920K, reserved 1048576K
}
Event: 1.719 GC heap before
{Heap before GC invocations=4 (full 0):
 PSYoungGen      total 38400K, used 38398K [0x00000000d5b80000, 0x00000000da680000, 0x0000000100000000)
  eden space 33280K, 100% used [0x00000000d5b80000,0x00000000d7c00000,0x00000000d7c00000)
  from space 5120K, 99% used [0x00000000d7c00000,0x00000000d80ff9c8,0x00000000d8100000)
  to   space 5120K, 0% used [0x00000000da180000,0x00000000da180000,0x00000000da680000)
 ParOldGen       total 87552K, used 4647K [0x0000000081200000, 0x0000000086780000, 0x00000000d5b80000)
  object space 87552K, 5% used [0x0000000081200000,0x0000000081689ed8,0x0000000086780000)
 Metaspace       used 16530K, capacity 16998K, committed 17408K, reserved 1064960K
  class space    used 2036K, capacity 2180K, committed 2304K, reserved 1048576K
Event: 1.726 GC heap after
Heap after GC invocations=4 (full 0):
 PSYoungGen      total 71680K, used 5102K [0x00000000d5b80000, 0x00000000da680000, 0x0000000100000000)
  eden space 66560K, 0% used [0x00000000d5b80000,0x00000000d5b80000,0x00000000d9c80000)
  from space 5120K, 99% used [0x00000000da180000,0x00000000da67b9d8,0x00000000da680000)
  to   space 5120K, 0% used [0x00000000d9c80000,0x00000000d9c80000,0x00000000da180000)
 ParOldGen       total 87552K, used 7733K [0x0000000081200000, 0x0000000086780000, 0x00000000d5b80000)
  object space 87552K, 8% used [0x0000000081200000,0x000000008198d4a8,0x0000000086780000)
 Metaspace       used 16530K, capacity 16998K, committed 17408K, reserved 1064960K
  class space    used 2036K, capacity 2180K, committed 2304K, reserved 1048576K
}
Event: 2.017 GC heap before
{Heap before GC invocations=5 (full 0):
 PSYoungGen      total 71680K, used 37606K [0x00000000d5b80000, 0x00000000da680000, 0x0000000100000000)
  eden space 66560K, 48% used [0x00000000d5b80000,0x00000000d7b3dff8,0x00000000d9c80000)
  from space 5120K, 99% used [0x00000000da180000,0x00000000da67b9d8,0x00000000da680000)
  to   space 5120K, 0% used [0x00000000d9c80000,0x00000000d9c80000,0x00000000da180000)
 ParOldGen       total 87552K, used 7733K [0x0000000081200000, 0x0000000086780000, 0x00000000d5b80000)
  object space 87552K, 8% used [0x0000000081200000,0x000000008198d4a8,0x0000000086780000)
 Metaspace       used 20689K, capacity 21184K, committed 21296K, reserved 1069056K
  class space    used 2592K, capacity 2741K, committed 2816K, reserved 1048576K
Event: 2.038 GC heap after
Heap after GC invocations=5 (full 0):
 PSYoungGen      total 71680K, used 5118K [0x00000000d5b80000, 0x00000000def80000, 0x0000000100000000)
  eden space 66560K, 0% used [0x00000000d5b80000,0x00000000d5b80000,0x00000000d9c80000)
  from space 5120K, 99% used [0x00000000d9c80000,0x00000000da17f9c8,0x00000000da180000)
  to   space 9216K, 0% used [0x00000000de680000,0x00000000de680000,0x00000000def80000)
 ParOldGen       total 87552K, used 10768K [0x0000000081200000, 0x0000000086780000, 0x00000000d5b80000)
  object space 87552K, 12% used [0x0000000081200000,0x0000000081c84398,0x0000000086780000)
 Metaspace       used 20689K, capacity 21184K, committed 21296K, reserved 1069056K
  class space    used 2592K, capacity 2741K, committed 2816K, reserved 1048576K
}
Event: 2.038 GC heap before
{Heap before GC invocations=6 (full 1):
 PSYoungGen      total 71680K, used 5118K [0x00000000d5b80000, 0x00000000def80000, 0x0000000100000000)
  eden space 66560K, 0% used [0x00000000d5b80000,0x00000000d5b80000,0x00000000d9c80000)
  from space 5120K, 99% used [0x00000000d9c80000,0x00000000da17f9c8,0x00000000da180000)
  to   space 9216K, 0% used [0x00000000de680000,0x00000000de680000,0x00000000def80000)
 ParOldGen       total 87552K, used 10768K [0x0000000081200000, 0x0000000086780000, 0x00000000d5b80000)
  object space 87552K, 12% used [0x0000000081200000,0x0000000081c84398,0x0000000086780000)
 Metaspace       used 20689K, capacity 21184K, committed 21296K, reserved 1069056K
  class space    used 2592K, capacity 2741K, committed 2816K, reserved 1048576K
Event: 2.087 GC heap after
Heap after GC invocations=6 (full 1):
 PSYoungGen      total 71680K, used 0K [0x00000000d5b80000, 0x00000000def80000, 0x0000000100000000)
  eden space 66560K, 0% used [0x00000000d5b80000,0x00000000d5b80000,0x00000000d9c80000)
  from space 5120K, 0% used [0x00000000d9c80000,0x00000000d9c80000,0x00000000da180000)
  to   space 9216K, 0% used [0x00000000de680000,0x00000000de680000,0x00000000def80000)
 ParOldGen       total 56320K, used 7178K [0x0000000081200000, 0x0000000084900000, 0x00000000d5b80000)
  object space 56320K, 12% used [0x0000000081200000,0x0000000081902948,0x0000000084900000)
 Metaspace       used 20689K, capacity 21184K, committed 21296K, reserved 1069056K
  class space    used 2592K, capacity 2741K, committed 2816K, reserved 1048576K
}
Event: 2.863 GC heap before
{Heap before GC invocations=7 (full 1):
 PSYoungGen      total 71680K, used 66560K [0x00000000d5b80000, 0x00000000def80000, 0x0000000100000000)
  eden space 66560K, 100% used [0x00000000d5b80000,0x00000000d9c80000,0x00000000d9c80000)
  from space 5120K, 0% used [0x00000000d9c80000,0x00000000d9c80000,0x00000000da180000)
  to   space 9216K, 0% used [0x00000000de680000,0x00000000de680000,0x00000000def80000)
 ParOldGen       total 56320K, used 7178K [0x0000000081200000, 0x0000000084900000, 0x00000000d5b80000)
  object space 56320K, 12% used [0x0000000081200000,0x0000000081902948,0x0000000084900000)
 Metaspace       used 25783K, capacity 26612K, committed 26880K, reserved 1073152K
  class space    used 3335K, capacity 3533K, committed 3584K, reserved 1048576K
Event: 2.869 GC heap after
Heap after GC invocations=7 (full 1):
 PSYoungGen      total 113152K, used 6105K [0x00000000d5b80000, 0x00000000dec80000, 0x0000000100000000)
  eden space 107008K, 0% used [0x00000000d5b80000,0x00000000d5b80000,0x00000000dc400000)
  from space 6144K, 99% used [0x00000000de680000,0x00000000dec766e8,0x00000000dec80000)
  to   space 9216K, 0% used [0x00000000dda80000,0x00000000dda80000,0x00000000de380000)
 ParOldGen       total 56320K, used 7186K [0x0000000081200000, 0x0000000084900000, 0x00000000d5b80000)
  object space 56320K, 12% used [0x0000000081200000,0x0000000081904948,0x0000000084900000)
 Metaspace       used 25783K, capacity 26612K, committed 26880K, reserved 1073152K
  class space    used 3335K, capacity 3533K, committed 3584K, reserved 1048576K
}

