# JRE version: Java(TM) SE Runtime Environment (8.0_241-b07) (build 1.8.0_241-b07)
# Java VM: Java HotSpot(TM) 64-Bit Server VM (25.241-b07 mixed mode windows-amd64 compressed oops)
Heap:
 PSYoungGen      total 194560K, used 36605K [0x00000000d5b80000, 0x00000000e6580000, 0x0000000100000000)
  eden space 182784K, 13% used [0x00000000d5b80000,0x00000000d73c2678,0x00000000e0e00000)
  from space 11776K, 99% used [0x00000000e0e00000,0x00000000e197cea8,0x00000000e1980000)
  to   space 14336K, 0% used [0x00000000e5780000,0x00000000e5780000,0x00000000e6580000)
 ParOldGen       total 54272K, used 21367K [0x0000000081200000, 0x0000000084700000, 0x00000000d5b80000)
  object space 54272K, 39% used [0x0000000081200000,0x00000000826dde18,0x0000000084700000)
 Metaspace       used 42779K, capacity 44717K, committed 44928K, reserved 1087488K
  class space    used 5551K, capacity 5915K, committed 6016K, reserved 1048576K
GC Heap History (10 events):
Event: 2.829 GC heap before
{Heap before GC invocations=7 (full 1):
 PSYoungGen      total 71680K, used 66560K [0x00000000d5b80000, 0x00000000dee80000, 0x0000000100000000)
  eden space 66560K, 100% used [0x00000000d5b80000,0x00000000d9c80000,0x00000000d9c80000)
  from space 5120K, 0% used [0x00000000d9c80000,0x00000000d9c80000,0x00000000da180000)
  to   space 8704K, 0% used [0x00000000de600000,0x00000000de600000,0x00000000dee80000)
 ParOldGen       total 54272K, used 7206K [0x0000000081200000, 0x0000000084700000, 0x00000000d5b80000)
  object space 54272K, 13% used [0x0000000081200000,0x0000000081909ad8,0x0000000084700000)
 Metaspace       used 25805K, capacity 26604K, committed 26880K, reserved 1073152K
  class space    used 3341K, capacity 3533K, committed 3584K, reserved 1048576K
Event: 2.848 GC heap after
Heap after GC invocations=7 (full 1):
 PSYoungGen      total 118784K, used 6066K [0x00000000d5b80000, 0x00000000dec00000, 0x0000000100000000)
  eden space 112640K, 0% used [0x00000000d5b80000,0x00000000d5b80000,0x00000000dc980000)
  from space 6144K, 98% used [0x00000000de600000,0x00000000debecbf8,0x00000000dec00000)
  to   space 8704K, 0% used [0x00000000ddb00000,0x00000000ddb00000,0x00000000de380000)
 ParOldGen       total 54272K, used 7214K [0x0000000081200000, 0x0000000084700000, 0x00000000d5b80000)
  object space 54272K, 13% used [0x0000000081200000,0x000000008190bad8,0x0000000084700000)
 Metaspace       used 25805K, capacity 26604K, committed 26880K, reserved 1073152K
  class space    used 3341K, capacity 3533K, committed 3584K, reserved 1048576K
}
Event: 4.001 GC heap before
{Heap before GC invocations=8 (full 1):
 PSYoungGen      total 118784K, used 118706K [0x00000000d5b80000, 0x00000000dec00000, 0x0000000100000000)
  eden space 112640K, 100% used [0x00000000d5b80000,0x00000000dc980000,0x00000000dc980000)
  from space 6144K, 98% used [0x00000000de600000,0x00000000debecbf8,0x00000000dec00000)
  to   space 8704K, 0% used [0x00000000ddb00000,0x00000000ddb00000,0x00000000de380000)
 ParOldGen       total 54272K, used 7214K [0x0000000081200000, 0x0000000084700000, 0x00000000d5b80000)
  object space 54272K, 13% used [0x0000000081200000,0x000000008190bad8,0x0000000084700000)
 Metaspace       used 29256K, capacity 30282K, committed 30464K, reserved 1075200K
  class space    used 3784K, capacity 4013K, committed 4096K, reserved 1048576K
Event: 4.008 GC heap after
Heap after GC invocations=8 (full 1):
 PSYoungGen      total 139264K, used 8691K [0x00000000d5b80000, 0x00000000e2300000, 0x0000000100000000)
  eden space 130560K, 0% used [0x00000000d5b80000,0x00000000d5b80000,0x00000000ddb00000)
  from space 8704K, 99% used [0x00000000ddb00000,0x00000000de37cfa0,0x00000000de380000)
  to   space 9728K, 0% used [0x00000000e1980000,0x00000000e1980000,0x00000000e2300000)
 ParOldGen       total 54272K, used 7530K [0x0000000081200000, 0x0000000084700000, 0x00000000d5b80000)
  object space 54272K, 13% used [0x0000000081200000,0x000000008195abd8,0x0000000084700000)
 Metaspace       used 29256K, capacity 30282K, committed 30464K, reserved 1075200K
  class space    used 3784K, capacity 4013K, committed 4096K, reserved 1048576K
}
Event: 4.913 GC heap before
{Heap before GC invocations=9 (full 1):
 PSYoungGen      total 139264K, used 132387K [0x00000000d5b80000, 0x00000000e2300000, 0x0000000100000000)
  eden space 130560K, 94% used [0x00000000d5b80000,0x00000000dd44bf28,0x00000000ddb00000)
  from space 8704K, 99% used [0x00000000ddb00000,0x00000000de37cfa0,0x00000000de380000)
  to   space 9728K, 0% used [0x00000000e1980000,0x00000000e1980000,0x00000000e2300000)
 ParOldGen       total 54272K, used 7530K [0x0000000081200000, 0x0000000084700000, 0x00000000d5b80000)
  object space 54272K, 13% used [0x0000000081200000,0x000000008195abd8,0x0000000084700000)
 Metaspace       used 34044K, capacity 35331K, committed 35416K, reserved 1079296K
  class space    used 4412K, capacity 4651K, committed 4736K, reserved 1048576K
Event: 4.935 GC heap after
Heap after GC invocations=9 (full 1):
 PSYoungGen      total 192512K, used 9700K [0x00000000d5b80000, 0x00000000e4200000, 0x0000000100000000)
  eden space 182784K, 0% used [0x00000000d5b80000,0x00000000d5b80000,0x00000000e0e00000)
  from space 9728K, 99% used [0x00000000e1980000,0x00000000e22f9040,0x00000000e2300000)
  to   space 11776K, 0% used [0x00000000e0e00000,0x00000000e0e00000,0x00000000e1980000)
 ParOldGen       total 54272K, used 10942K [0x0000000081200000, 0x0000000084700000, 0x00000000d5b80000)
  object space 54272K, 20% used [0x0000000081200000,0x0000000081caf8a0,0x0000000084700000)
 Metaspace       used 34044K, capacity 35331K, committed 35416K, reserved 1079296K
  class space    used 4412K, capacity 4651K, committed 4736K, reserved 1048576K
}
Event: 4.935 GC heap before
{Heap before GC invocations=10 (full 2):
 PSYoungGen      total 192512K, used 9700K [0x00000000d5b80000, 0x00000000e4200000, 0x0000000100000000)
  eden space 182784K, 0% used [0x00000000d5b80000,0x00000000d5b80000,0x00000000e0e00000)
  from space 9728K, 99% used [0x00000000e1980000,0x00000000e22f9040,0x00000000e2300000)
  to   space 11776K, 0% used [0x00000000e0e00000,0x00000000e0e00000,0x00000000e1980000)
 ParOldGen       total 54272K, used 10942K [0x0000000081200000, 0x0000000084700000, 0x00000000d5b80000)
  object space 54272K, 20% used [0x0000000081200000,0x0000000081caf8a0,0x0000000084700000)
 Metaspace       used 34044K, capacity 35331K, committed 35416K, reserved 1079296K
  class space    used 4412K, capacity 4651K, committed 4736K, reserved 1048576K
Event: 4.996 GC heap after
Heap after GC invocations=10 (full 2):
 PSYoungGen      total 192512K, used 0K [0x00000000d5b80000, 0x00000000e4200000, 0x0000000100000000)
  eden space 182784K, 0% used [0x00000000d5b80000,0x00000000d5b80000,0x00000000e0e00000)
  from space 9728K, 0% used [0x00000000e1980000,0x00000000e1980000,0x00000000e2300000)
  to   space 11776K, 0% used [0x00000000e0e00000,0x00000000e0e00000,0x00000000e1980000)
 ParOldGen       total 54272K, used 17901K [0x0000000081200000, 0x0000000084700000, 0x00000000d5b80000)
  object space 54272K, 32% used [0x0000000081200000,0x000000008237b6b0,0x0000000084700000)
 Metaspace       used 34044K, capacity 35331K, committed 35416K, reserved 1079296K
  class space    used 4412K, capacity 4651K, committed 4736K, reserved 1048576K
}
Event: 6.523 GC heap before
{Heap before GC invocations=11 (full 2):
 PSYoungGen      total 192512K, used 182784K [0x00000000d5b80000, 0x00000000e4200000, 0x0000000100000000)
  eden space 182784K, 100% used [0x00000000d5b80000,0x00000000e0e00000,0x00000000e0e00000)
  from space 9728K, 0% used [0x00000000e1980000,0x00000000e1980000,0x00000000e2300000)
  to   space 11776K, 0% used [0x00000000e0e00000,0x00000000e0e00000,0x00000000e1980000)
 ParOldGen       total 54272K, used 17901K [0x0000000081200000, 0x0000000084700000, 0x00000000d5b80000)
  object space 54272K, 32% used [0x0000000081200000,0x000000008237b6b0,0x0000000084700000)
 Metaspace       used 41650K, capacity 43389K, committed 43648K, reserved 1087488K
  class space    used 5417K, capacity 5723K, committed 5760K, reserved 1048576K
Event: 6.534 GC heap after
Heap after GC invocations=11 (full 2):
 PSYoungGen      total 194560K, used 11763K [0x00000000d5b80000, 0x00000000e6580000, 0x0000000100000000)
  eden space 182784K, 0% used [0x00000000d5b80000,0x00000000d5b80000,0x00000000e0e00000)
  from space 11776K, 99% used [0x00000000e0e00000,0x00000000e197cea8,0x00000000e1980000)
  to   space 14336K, 0% used [0x00000000e5780000,0x00000000e5780000,0x00000000e6580000)
 ParOldGen       total 54272K, used 21367K [0x0000000081200000, 0x0000000084700000, 0x00000000d5b80000)
  object space 54272K, 39% used [0x0000000081200000,0x00000000826dde18,0x0000000084700000)
 Metaspace       used 41650K, capacity 43389K, committed 43648K, reserved 1087488K
  class space    used 5417K, capacity 5723K, committed 5760K, reserved 1048576K
}

