# JRE version: Java(TM) SE Runtime Environment (8.0_241-b07) (build 1.8.0_241-b07)
# Java VM: Java HotSpot(TM) 64-Bit Server VM (25.241-b07 mixed mode windows-amd64 compressed oops)
Heap:
 PSYoungGen      total 233472K, used 89904K [0x00000000d5b80000, 0x00000000e5700000, 0x0000000100000000)
  eden space 221184K, 35% used [0x00000000d5b80000,0x00000000da753b28,0x00000000e3380000)
  from space 12288K, 99% used [0x00000000e3380000,0x00000000e3f786c0,0x00000000e3f80000)
  to   space 9728K, 0% used [0x00000000e3f80000,0x00000000e3f80000,0x00000000e4900000)
 ParOldGen       total 48128K, used 23713K [0x0000000081200000, 0x0000000084100000, 0x00000000d5b80000)
  object space 48128K, 49% used [0x0000000081200000,0x00000000829286f0,0x0000000084100000)
 Metaspace       used 46728K, capacity 49166K, committed 49408K, reserved 1091584K
  class space    used 6142K, capacity 6593K, committed 6656K, reserved 1048576K
GC Heap History (10 events):
Event: 2.594 GC heap before
{Heap before GC invocations=7 (full 1):
 PSYoungGen      total 71680K, used 66560K [0x00000000d5b80000, 0x00000000dee80000, 0x0000000100000000)
  eden space 66560K, 100% used [0x00000000d5b80000,0x00000000d9c80000,0x00000000d9c80000)
  from space 5120K, 0% used [0x00000000d9c80000,0x00000000d9c80000,0x00000000da180000)
  to   space 8704K, 0% used [0x00000000de600000,0x00000000de600000,0x00000000dee80000)
 ParOldGen       total 48128K, used 7157K [0x0000000081200000, 0x0000000084100000, 0x00000000d5b80000)
  object space 48128K, 14% used [0x0000000081200000,0x00000000818fd430,0x0000000084100000)
 Metaspace       used 25971K, capacity 26854K, committed 26880K, reserved 1073152K
  class space    used 3361K, capacity 3574K, committed 3584K, reserved 1048576K
Event: 2.600 GC heap after
Heap after GC invocations=7 (full 1):
 PSYoungGen      total 130048K, used 6146K [0x00000000d5b80000, 0x00000000dec80000, 0x0000000100000000)
  eden space 123392K, 0% used [0x00000000d5b80000,0x00000000d5b80000,0x00000000dd400000)
  from space 6656K, 92% used [0x00000000de600000,0x00000000dec009d8,0x00000000dec80000)
  to   space 8704K, 0% used [0x00000000ddb80000,0x00000000ddb80000,0x00000000de400000)
 ParOldGen       total 48128K, used 7165K [0x0000000081200000, 0x0000000084100000, 0x00000000d5b80000)
  object space 48128K, 14% used [0x0000000081200000,0x00000000818ff430,0x0000000084100000)
 Metaspace       used 25971K, capacity 26854K, committed 26880K, reserved 1073152K
  class space    used 3361K, capacity 3574K, committed 3584K, reserved 1048576K
}
Event: 3.745 GC heap before
{Heap before GC invocations=8 (full 1):
 PSYoungGen      total 130048K, used 129538K [0x00000000d5b80000, 0x00000000dec80000, 0x0000000100000000)
  eden space 123392K, 100% used [0x00000000d5b80000,0x00000000dd400000,0x00000000dd400000)
  from space 6656K, 92% used [0x00000000de600000,0x00000000dec009d8,0x00000000dec80000)
  to   space 8704K, 0% used [0x00000000ddb80000,0x00000000ddb80000,0x00000000de400000)
 ParOldGen       total 48128K, used 7165K [0x0000000081200000, 0x0000000084100000, 0x00000000d5b80000)
  object space 48128K, 14% used [0x0000000081200000,0x00000000818ff430,0x0000000084100000)
 Metaspace       used 29378K, capacity 30410K, committed 30720K, reserved 1075200K
  class space    used 3795K, capacity 4013K, committed 4096K, reserved 1048576K
Event: 3.753 GC heap after
Heap after GC invocations=8 (full 1):
 PSYoungGen      total 139776K, used 8675K [0x00000000d5b80000, 0x00000000e4900000, 0x0000000100000000)
  eden space 131072K, 0% used [0x00000000d5b80000,0x00000000d5b80000,0x00000000ddb80000)
  from space 8704K, 99% used [0x00000000ddb80000,0x00000000de3f8f08,0x00000000de400000)
  to   space 9728K, 0% used [0x00000000e3f80000,0x00000000e3f80000,0x00000000e4900000)
 ParOldGen       total 48128K, used 8024K [0x0000000081200000, 0x0000000084100000, 0x00000000d5b80000)
  object space 48128K, 16% used [0x0000000081200000,0x00000000819d6218,0x0000000084100000)
 Metaspace       used 29378K, capacity 30410K, committed 30720K, reserved 1075200K
  class space    used 3795K, capacity 4013K, committed 4096K, reserved 1048576K
}
Event: 4.603 GC heap before
{Heap before GC invocations=9 (full 1):
 PSYoungGen      total 139776K, used 123829K [0x00000000d5b80000, 0x00000000e4900000, 0x0000000100000000)
  eden space 131072K, 87% used [0x00000000d5b80000,0x00000000dcbf47b8,0x00000000ddb80000)
  from space 8704K, 99% used [0x00000000ddb80000,0x00000000de3f8f08,0x00000000de400000)
  to   space 9728K, 0% used [0x00000000e3f80000,0x00000000e3f80000,0x00000000e4900000)
 ParOldGen       total 48128K, used 8024K [0x0000000081200000, 0x0000000084100000, 0x00000000d5b80000)
  object space 48128K, 16% used [0x0000000081200000,0x00000000819d6218,0x0000000084100000)
 Metaspace       used 34062K, capacity 35330K, committed 35416K, reserved 1079296K
  class space    used 4412K, capacity 4650K, committed 4736K, reserved 1048576K
Event: 4.615 GC heap after
Heap after GC invocations=9 (full 1):
 PSYoungGen      total 230912K, used 9700K [0x00000000d5b80000, 0x00000000e5700000, 0x0000000100000000)
  eden space 221184K, 0% used [0x00000000d5b80000,0x00000000d5b80000,0x00000000e3380000)
  from space 9728K, 99% used [0x00000000e3f80000,0x00000000e48f9040,0x00000000e4900000)
  to   space 12288K, 0% used [0x00000000e3380000,0x00000000e3380000,0x00000000e3f80000)
 ParOldGen       total 48128K, used 11259K [0x0000000081200000, 0x0000000084100000, 0x00000000d5b80000)
  object space 48128K, 23% used [0x0000000081200000,0x0000000081cfef70,0x0000000084100000)
 Metaspace       used 34062K, capacity 35330K, committed 35416K, reserved 1079296K
  class space    used 4412K, capacity 4650K, committed 4736K, reserved 1048576K
}
Event: 4.615 GC heap before
{Heap before GC invocations=10 (full 2):
 PSYoungGen      total 230912K, used 9700K [0x00000000d5b80000, 0x00000000e5700000, 0x0000000100000000)
  eden space 221184K, 0% used [0x00000000d5b80000,0x00000000d5b80000,0x00000000e3380000)
  from space 9728K, 99% used [0x00000000e3f80000,0x00000000e48f9040,0x00000000e4900000)
  to   space 12288K, 0% used [0x00000000e3380000,0x00000000e3380000,0x00000000e3f80000)
 ParOldGen       total 48128K, used 11259K [0x0000000081200000, 0x0000000084100000, 0x00000000d5b80000)
  object space 48128K, 23% used [0x0000000081200000,0x0000000081cfef70,0x0000000084100000)
 Metaspace       used 34062K, capacity 35330K, committed 35416K, reserved 1079296K
  class space    used 4412K, capacity 4650K, committed 4736K, reserved 1048576K
Event: 4.670 GC heap after
Heap after GC invocations=10 (full 2):
 PSYoungGen      total 230912K, used 0K [0x00000000d5b80000, 0x00000000e5700000, 0x0000000100000000)
  eden space 221184K, 0% used [0x00000000d5b80000,0x00000000d5b80000,0x00000000e3380000)
  from space 9728K, 0% used [0x00000000e3f80000,0x00000000e3f80000,0x00000000e4900000)
  to   space 12288K, 0% used [0x00000000e3380000,0x00000000e3380000,0x00000000e3f80000)
 ParOldGen       total 48128K, used 17655K [0x0000000081200000, 0x0000000084100000, 0x00000000d5b80000)
  object space 48128K, 36% used [0x0000000081200000,0x000000008233df50,0x0000000084100000)
 Metaspace       used 34062K, capacity 35330K, committed 35416K, reserved 1079296K
  class space    used 4412K, capacity 4650K, committed 4736K, reserved 1048576K
}
Event: 6.634 GC heap before
{Heap before GC invocations=11 (full 2):
 PSYoungGen      total 230912K, used 221184K [0x00000000d5b80000, 0x00000000e5700000, 0x0000000100000000)
  eden space 221184K, 100% used [0x00000000d5b80000,0x00000000e3380000,0x00000000e3380000)
  from space 9728K, 0% used [0x00000000e3f80000,0x00000000e3f80000,0x00000000e4900000)
  to   space 12288K, 0% used [0x00000000e3380000,0x00000000e3380000,0x00000000e3f80000)
 ParOldGen       total 48128K, used 17655K [0x0000000081200000, 0x0000000084100000, 0x00000000d5b80000)
  object space 48128K, 36% used [0x0000000081200000,0x000000008233df50,0x0000000084100000)
 Metaspace       used 43649K, capacity 45666K, committed 45824K, reserved 1089536K
  class space    used 5666K, capacity 6073K, committed 6144K, reserved 1048576K
Event: 6.662 GC heap after
Heap after GC invocations=11 (full 2):
 PSYoungGen      total 233472K, used 12257K [0x00000000d5b80000, 0x00000000e5700000, 0x0000000100000000)
  eden space 221184K, 0% used [0x00000000d5b80000,0x00000000d5b80000,0x00000000e3380000)
  from space 12288K, 99% used [0x00000000e3380000,0x00000000e3f786c0,0x00000000e3f80000)
  to   space 9728K, 0% used [0x00000000e3f80000,0x00000000e3f80000,0x00000000e4900000)
 ParOldGen       total 48128K, used 23713K [0x0000000081200000, 0x0000000084100000, 0x00000000d5b80000)
  object space 48128K, 49% used [0x0000000081200000,0x00000000829286f0,0x0000000084100000)
 Metaspace       used 43649K, capacity 45666K, committed 45824K, reserved 1089536K
  class space    used 5666K, capacity 6073K, committed 6144K, reserved 1048576K
}

