# JRE version: Java(TM) SE Runtime Environment (8.0_241-b07) (build 1.8.0_241-b07)
# Java VM: Java HotSpot(TM) 64-Bit Server VM (25.241-b07 mixed mode windows-amd64 compressed oops)
Heap:
 PSYoungGen      total 237568K, used 81803K [0x00000000d5b80000, 0x00000000eea00000, 0x0000000100000000)
  eden space 225280K, 30% used [0x00000000d5b80000,0x00000000d9f67f98,0x00000000e3780000)
  from space 12288K, 99% used [0x00000000e4b80000,0x00000000e577aef8,0x00000000e5780000)
  to   space 20480K, 0% used [0x00000000e3780000,0x00000000e3780000,0x00000000e4b80000)
 ParOldGen       total 87040K, used 28742K [0x0000000081200000, 0x0000000086700000, 0x00000000d5b80000)
  object space 87040K, 33% used [0x0000000081200000,0x0000000082e11970,0x0000000086700000)
 Metaspace       used 47151K, capacity 49733K, committed 49792K, reserved 1091584K
  class space    used 6548K, capacity 7040K, committed 7040K, reserved 1048576K
GC Heap History (10 events):
Event: 2.882 GC heap before
{Heap before GC invocations=6 (full 1):
 PSYoungGen      total 138240K, used 133120K [0x00000000d5b80000, 0x00000000de780000, 0x0000000100000000)
  eden space 133120K, 100% used [0x00000000d5b80000,0x00000000ddd80000,0x00000000ddd80000)
  from space 5120K, 0% used [0x00000000de280000,0x00000000de280000,0x00000000de780000)
  to   space 5120K, 0% used [0x00000000ddd80000,0x00000000ddd80000,0x00000000de280000)
 ParOldGen       total 57344K, used 10485K [0x0000000081200000, 0x0000000084a00000, 0x00000000d5b80000)
  object space 57344K, 18% used [0x0000000081200000,0x0000000081c3d418,0x0000000084a00000)
 Metaspace       used 25146K, capacity 26186K, committed 26240K, reserved 1071104K
  class space    used 3399K, capacity 3659K, committed 3712K, reserved 1048576K
Event: 2.889 GC heap after
Heap after GC invocations=6 (full 1):
 PSYoungGen      total 138240K, used 5097K [0x00000000d5b80000, 0x00000000e5780000, 0x0000000100000000)
  eden space 133120K, 0% used [0x00000000d5b80000,0x00000000d5b80000,0x00000000ddd80000)
  from space 5120K, 99% used [0x00000000ddd80000,0x00000000de27a5b8,0x00000000de280000)
  to   space 12288K, 0% used [0x00000000e4b80000,0x00000000e4b80000,0x00000000e5780000)
 ParOldGen       total 57344K, used 14859K [0x0000000081200000, 0x0000000084a00000, 0x00000000d5b80000)
  object space 57344K, 25% used [0x0000000081200000,0x0000000082082f68,0x0000000084a00000)
 Metaspace       used 25146K, capacity 26186K, committed 26240K, reserved 1071104K
  class space    used 3399K, capacity 3659K, committed 3712K, reserved 1048576K
}
Event: 3.575 GC heap before
{Heap before GC invocations=7 (full 1):
 PSYoungGen      total 138240K, used 138217K [0x00000000d5b80000, 0x00000000e5780000, 0x0000000100000000)
  eden space 133120K, 100% used [0x00000000d5b80000,0x00000000ddd80000,0x00000000ddd80000)
  from space 5120K, 99% used [0x00000000ddd80000,0x00000000de27a5b8,0x00000000de280000)
  to   space 12288K, 0% used [0x00000000e4b80000,0x00000000e4b80000,0x00000000e5780000)
 ParOldGen       total 57344K, used 14859K [0x0000000081200000, 0x0000000084a00000, 0x00000000d5b80000)
  object space 57344K, 25% used [0x0000000081200000,0x0000000082082f68,0x0000000084a00000)
 Metaspace       used 29109K, capacity 30258K, committed 30464K, reserved 1075200K
  class space    used 3973K, capacity 4238K, committed 4352K, reserved 1048576K
Event: 3.585 GC heap after
Heap after GC invocations=7 (full 1):
 PSYoungGen      total 239104K, used 12276K [0x00000000d5b80000, 0x00000000e5780000, 0x0000000100000000)
  eden space 226816K, 0% used [0x00000000d5b80000,0x00000000d5b80000,0x00000000e3900000)
  from space 12288K, 99% used [0x00000000e4b80000,0x00000000e577d180,0x00000000e5780000)
  to   space 13824K, 0% used [0x00000000e3c80000,0x00000000e3c80000,0x00000000e4a00000)
 ParOldGen       total 57344K, used 15092K [0x0000000081200000, 0x0000000084a00000, 0x00000000d5b80000)
  object space 57344K, 26% used [0x0000000081200000,0x00000000820bd060,0x0000000084a00000)
 Metaspace       used 29109K, capacity 30258K, committed 30464K, reserved 1075200K
  class space    used 3973K, capacity 4238K, committed 4352K, reserved 1048576K
}
Event: 4.227 GC heap before
{Heap before GC invocations=8 (full 1):
 PSYoungGen      total 239104K, used 125833K [0x00000000d5b80000, 0x00000000e5780000, 0x0000000100000000)
  eden space 226816K, 50% used [0x00000000d5b80000,0x00000000dca65340,0x00000000e3900000)
  from space 12288K, 99% used [0x00000000e4b80000,0x00000000e577d180,0x00000000e5780000)
  to   space 13824K, 0% used [0x00000000e3c80000,0x00000000e3c80000,0x00000000e4a00000)
 ParOldGen       total 57344K, used 15092K [0x0000000081200000, 0x0000000084a00000, 0x00000000d5b80000)
  object space 57344K, 26% used [0x0000000081200000,0x00000000820bd060,0x0000000084a00000)
 Metaspace       used 33751K, capacity 35379K, committed 35496K, reserved 1079296K
  class space    used 4575K, capacity 4864K, committed 4864K, reserved 1048576K
Event: 4.241 GC heap after
Heap after GC invocations=8 (full 1):
 PSYoungGen      total 240640K, used 13793K [0x00000000d5b80000, 0x00000000e5780000, 0x0000000100000000)
  eden space 226816K, 0% used [0x00000000d5b80000,0x00000000d5b80000,0x00000000e3900000)
  from space 13824K, 99% used [0x00000000e3c80000,0x00000000e49f8468,0x00000000e4a00000)
  to   space 12288K, 0% used [0x00000000e4b80000,0x00000000e4b80000,0x00000000e5780000)
 ParOldGen       total 57344K, used 21470K [0x0000000081200000, 0x0000000084a00000, 0x00000000d5b80000)
  object space 57344K, 37% used [0x0000000081200000,0x00000000826f7958,0x0000000084a00000)
 Metaspace       used 33751K, capacity 35379K, committed 35496K, reserved 1079296K
  class space    used 4575K, capacity 4864K, committed 4864K, reserved 1048576K
}
Event: 4.241 GC heap before
{Heap before GC invocations=9 (full 2):
 PSYoungGen      total 240640K, used 13793K [0x00000000d5b80000, 0x00000000e5780000, 0x0000000100000000)
  eden space 226816K, 0% used [0x00000000d5b80000,0x00000000d5b80000,0x00000000e3900000)
  from space 13824K, 99% used [0x00000000e3c80000,0x00000000e49f8468,0x00000000e4a00000)
  to   space 12288K, 0% used [0x00000000e4b80000,0x00000000e4b80000,0x00000000e5780000)
 ParOldGen       total 57344K, used 21470K [0x0000000081200000, 0x0000000084a00000, 0x00000000d5b80000)
  object space 57344K, 37% used [0x0000000081200000,0x00000000826f7958,0x0000000084a00000)
 Metaspace       used 33751K, capacity 35379K, committed 35496K, reserved 1079296K
  class space    used 4575K, capacity 4864K, committed 4864K, reserved 1048576K
Event: 4.314 GC heap after
Heap after GC invocations=9 (full 2):
 PSYoungGen      total 240640K, used 0K [0x00000000d5b80000, 0x00000000e5780000, 0x0000000100000000)
  eden space 226816K, 0% used [0x00000000d5b80000,0x00000000d5b80000,0x00000000e3900000)
  from space 13824K, 0% used [0x00000000e3c80000,0x00000000e3c80000,0x00000000e4a00000)
  to   space 12288K, 0% used [0x00000000e4b80000,0x00000000e4b80000,0x00000000e5780000)
 ParOldGen       total 87040K, used 25078K [0x0000000081200000, 0x0000000086700000, 0x00000000d5b80000)
  object space 87040K, 28% used [0x0000000081200000,0x0000000082a7d930,0x0000000086700000)
 Metaspace       used 33751K, capacity 35379K, committed 35496K, reserved 1079296K
  class space    used 4575K, capacity 4864K, committed 4864K, reserved 1048576K
}
Event: 6.108 GC heap before
{Heap before GC invocations=10 (full 2):
 PSYoungGen      total 240640K, used 226816K [0x00000000d5b80000, 0x00000000e5780000, 0x0000000100000000)
  eden space 226816K, 100% used [0x00000000d5b80000,0x00000000e3900000,0x00000000e3900000)
  from space 13824K, 0% used [0x00000000e3c80000,0x00000000e3c80000,0x00000000e4a00000)
  to   space 12288K, 0% used [0x00000000e4b80000,0x00000000e4b80000,0x00000000e5780000)
 ParOldGen       total 87040K, used 25078K [0x0000000081200000, 0x0000000086700000, 0x00000000d5b80000)
  object space 87040K, 28% used [0x0000000081200000,0x0000000082a7d930,0x0000000086700000)
 Metaspace       used 43502K, capacity 45773K, committed 45952K, reserved 1089536K
  class space    used 6010K, capacity 6454K, committed 6528K, reserved 1048576K
Event: 6.121 GC heap after
Heap after GC invocations=10 (full 2):
 PSYoungGen      total 237568K, used 12267K [0x00000000d5b80000, 0x00000000eea00000, 0x0000000100000000)
  eden space 225280K, 0% used [0x00000000d5b80000,0x00000000d5b80000,0x00000000e3780000)
  from space 12288K, 99% used [0x00000000e4b80000,0x00000000e577aef8,0x00000000e5780000)
  to   space 20480K, 0% used [0x00000000e3780000,0x00000000e3780000,0x00000000e4b80000)
 ParOldGen       total 87040K, used 28742K [0x0000000081200000, 0x0000000086700000, 0x00000000d5b80000)
  object space 87040K, 33% used [0x0000000081200000,0x0000000082e11970,0x0000000086700000)
 Metaspace       used 43502K, capacity 45773K, committed 45952K, reserved 1089536K
  class space    used 6010K, capacity 6454K, committed 6528K, reserved 1048576K
}

