# JRE version: Java(TM) SE Runtime Environment (8.0_241-b07) (build 1.8.0_241-b07)
# Java VM: Java HotSpot(TM) 64-Bit Server VM (25.241-b07 mixed mode windows-amd64 compressed oops)
Heap:
 PSYoungGen      total 214016K, used 14498K [0x00000000d5b80000, 0x00000000e8380000, 0x0000000100000000)
  eden space 198656K, 0% used [0x00000000d5b80000,0x00000000d5b80000,0x00000000e1d80000)
  from space 15360K, 94% used [0x00000000e7480000,0x00000000e82a8800,0x00000000e8380000)
  to   space 12800K, 0% used [0x00000000e1d80000,0x00000000e1d80000,0x00000000e2a00000)
 ParOldGen       total 77312K, used 21390K [0x0000000081200000, 0x0000000085d80000, 0x00000000d5b80000)
  object space 77312K, 27% used [0x0000000081200000,0x00000000826e3870,0x0000000085d80000)
 Metaspace       used 44474K, capacity 46634K, committed 46720K, reserved 1093632K
  class space    used 5795K, capacity 6217K, committed 6272K, reserved 1048576K
GC Heap History (10 events):
Event: 2.580 GC heap after
Heap after GC invocations=7 (full 1):
 PSYoungGen      total 123392K, used 6073K [0x00000000d5b80000, 0x00000000ded00000, 0x0000000100000000)
  eden space 117248K, 0% used [0x00000000d5b80000,0x00000000d5b80000,0x00000000dce00000)
  from space 6144K, 98% used [0x00000000de700000,0x00000000decee680,0x00000000ded00000)
  to   space 9728K, 0% used [0x00000000dda00000,0x00000000dda00000,0x00000000de380000)
 ParOldGen       total 52224K, used 7525K [0x0000000081200000, 0x0000000084500000, 0x00000000d5b80000)
  object space 52224K, 14% used [0x0000000081200000,0x0000000081959400,0x0000000084500000)
 Metaspace       used 26365K, capacity 27216K, committed 27520K, reserved 1073152K
  class space    used 3424K, capacity 3645K, committed 3712K, reserved 1048576K
}
Event: 3.752 GC heap before
{Heap before GC invocations=8 (full 1):
 PSYoungGen      total 123392K, used 123321K [0x00000000d5b80000, 0x00000000ded00000, 0x0000000100000000)
  eden space 117248K, 100% used [0x00000000d5b80000,0x00000000dce00000,0x00000000dce00000)
  from space 6144K, 98% used [0x00000000de700000,0x00000000decee680,0x00000000ded00000)
  to   space 9728K, 0% used [0x00000000dda00000,0x00000000dda00000,0x00000000de380000)
 ParOldGen       total 52224K, used 7525K [0x0000000081200000, 0x0000000084500000, 0x00000000d5b80000)
  object space 52224K, 14% used [0x0000000081200000,0x0000000081959400,0x0000000084500000)
 Metaspace       used 29336K, capacity 30342K, committed 30464K, reserved 1075200K
  class space    used 3794K, capacity 4013K, committed 4096K, reserved 1048576K
Event: 3.766 GC heap after
Heap after GC invocations=8 (full 1):
 PSYoungGen      total 139264K, used 9516K [0x00000000d5b80000, 0x00000000e3400000, 0x0000000100000000)
  eden space 129536K, 0% used [0x00000000d5b80000,0x00000000d5b80000,0x00000000dda00000)
  from space 9728K, 97% used [0x00000000dda00000,0x00000000de34b048,0x00000000de380000)
  to   space 10240K, 0% used [0x00000000e2a00000,0x00000000e2a00000,0x00000000e3400000)
 ParOldGen       total 52224K, used 7533K [0x0000000081200000, 0x0000000084500000, 0x00000000d5b80000)
  object space 52224K, 14% used [0x0000000081200000,0x000000008195b400,0x0000000084500000)
 Metaspace       used 29336K, capacity 30342K, committed 30464K, reserved 1075200K
  class space    used 3794K, capacity 4013K, committed 4096K, reserved 1048576K
}
Event: 4.596 GC heap before
{Heap before GC invocations=9 (full 1):
 PSYoungGen      total 139264K, used 125532K [0x00000000d5b80000, 0x00000000e3400000, 0x0000000100000000)
  eden space 129536K, 89% used [0x00000000d5b80000,0x00000000dcccc2e8,0x00000000dda00000)
  from space 9728K, 97% used [0x00000000dda00000,0x00000000de34b048,0x00000000de380000)
  to   space 10240K, 0% used [0x00000000e2a00000,0x00000000e2a00000,0x00000000e3400000)
 ParOldGen       total 52224K, used 7533K [0x0000000081200000, 0x0000000084500000, 0x00000000d5b80000)
  object space 52224K, 14% used [0x0000000081200000,0x000000008195b400,0x0000000084500000)
 Metaspace       used 34036K, capacity 35328K, committed 35416K, reserved 1079296K
  class space    used 4413K, capacity 4651K, committed 4736K, reserved 1048576K
Event: 4.607 GC heap after
Heap after GC invocations=9 (full 1):
 PSYoungGen      total 208896K, used 10224K [0x00000000d5b80000, 0x00000000e4880000, 0x0000000100000000)
  eden space 198656K, 0% used [0x00000000d5b80000,0x00000000d5b80000,0x00000000e1d80000)
  from space 10240K, 99% used [0x00000000e2a00000,0x00000000e33fc030,0x00000000e3400000)
  to   space 12800K, 0% used [0x00000000e1d80000,0x00000000e1d80000,0x00000000e2a00000)
 ParOldGen       total 52224K, used 10624K [0x0000000081200000, 0x0000000084500000, 0x00000000d5b80000)
  object space 52224K, 20% used [0x0000000081200000,0x0000000081c60128,0x0000000084500000)
 Metaspace       used 34036K, capacity 35328K, committed 35416K, reserved 1079296K
  class space    used 4413K, capacity 4651K, committed 4736K, reserved 1048576K
}
Event: 4.607 GC heap before
{Heap before GC invocations=10 (full 2):
 PSYoungGen      total 208896K, used 10224K [0x00000000d5b80000, 0x00000000e4880000, 0x0000000100000000)
  eden space 198656K, 0% used [0x00000000d5b80000,0x00000000d5b80000,0x00000000e1d80000)
  from space 10240K, 99% used [0x00000000e2a00000,0x00000000e33fc030,0x00000000e3400000)
  to   space 12800K, 0% used [0x00000000e1d80000,0x00000000e1d80000,0x00000000e2a00000)
 ParOldGen       total 52224K, used 10624K [0x0000000081200000, 0x0000000084500000, 0x00000000d5b80000)
  object space 52224K, 20% used [0x0000000081200000,0x0000000081c60128,0x0000000084500000)
 Metaspace       used 34036K, capacity 35328K, committed 35416K, reserved 1079296K
  class space    used 4413K, capacity 4651K, committed 4736K, reserved 1048576K
Event: 4.663 GC heap after
Heap after GC invocations=10 (full 2):
 PSYoungGen      total 208896K, used 0K [0x00000000d5b80000, 0x00000000e4880000, 0x0000000100000000)
  eden space 198656K, 0% used [0x00000000d5b80000,0x00000000d5b80000,0x00000000e1d80000)
  from space 10240K, 0% used [0x00000000e2a00000,0x00000000e2a00000,0x00000000e3400000)
  to   space 12800K, 0% used [0x00000000e1d80000,0x00000000e1d80000,0x00000000e2a00000)
 ParOldGen       total 77312K, used 17738K [0x0000000081200000, 0x0000000085d80000, 0x00000000d5b80000)
  object space 77312K, 22% used [0x0000000081200000,0x0000000082352a80,0x0000000085d80000)
 Metaspace       used 34036K, capacity 35328K, committed 35416K, reserved 1079296K
  class space    used 4413K, capacity 4651K, committed 4736K, reserved 1048576K
}
Event: 6.516 GC heap before
{Heap before GC invocations=11 (full 2):
 PSYoungGen      total 208896K, used 198656K [0x00000000d5b80000, 0x00000000e4880000, 0x0000000100000000)
  eden space 198656K, 100% used [0x00000000d5b80000,0x00000000e1d80000,0x00000000e1d80000)
  from space 10240K, 0% used [0x00000000e2a00000,0x00000000e2a00000,0x00000000e3400000)
  to   space 12800K, 0% used [0x00000000e1d80000,0x00000000e1d80000,0x00000000e2a00000)
 ParOldGen       total 77312K, used 17738K [0x0000000081200000, 0x0000000085d80000, 0x00000000d5b80000)
  object space 77312K, 22% used [0x0000000081200000,0x0000000082352a80,0x0000000085d80000)
 Metaspace       used 42423K, capacity 44296K, committed 44544K, reserved 1087488K
  class space    used 5498K, capacity 5868K, committed 5888K, reserved 1048576K
Event: 6.542 GC heap after
Heap after GC invocations=11 (full 2):
 PSYoungGen      total 211456K, used 12783K [0x00000000d5b80000, 0x00000000e8380000, 0x0000000100000000)
  eden space 198656K, 0% used [0x00000000d5b80000,0x00000000d5b80000,0x00000000e1d80000)
  from space 12800K, 99% used [0x00000000e1d80000,0x00000000e29fbe88,0x00000000e2a00000)
  to   space 15360K, 0% used [0x00000000e7480000,0x00000000e7480000,0x00000000e8380000)
 ParOldGen       total 77312K, used 21382K [0x0000000081200000, 0x0000000085d80000, 0x00000000d5b80000)
  object space 77312K, 27% used [0x0000000081200000,0x00000000826e1870,0x0000000085d80000)
 Metaspace       used 42423K, capacity 44296K, committed 44544K, reserved 1087488K
  class space    used 5498K, capacity 5868K, committed 5888K, reserved 1048576K
}
Event: 6.881 GC heap before
{Heap before GC invocations=12 (full 2):
 PSYoungGen      total 211456K, used 58905K [0x00000000d5b80000, 0x00000000e8380000, 0x0000000100000000)
  eden space 198656K, 23% used [0x00000000d5b80000,0x00000000d888a870,0x00000000e1d80000)
  from space 12800K, 99% used [0x00000000e1d80000,0x00000000e29fbe88,0x00000000e2a00000)
  to   space 15360K, 0% used [0x00000000e7480000,0x00000000e7480000,0x00000000e8380000)
 ParOldGen       total 77312K, used 21382K [0x0000000081200000, 0x0000000085d80000, 0x00000000d5b80000)
  object space 77312K, 27% used [0x0000000081200000,0x00000000826e1870,0x0000000085d80000)
 Metaspace       used 44474K, capacity 46634K, committed 46720K, reserved 1093632K
  class space    used 5795K, capacity 6217K, committed 6272K, reserved 1048576K

